"../../../Engine/Content/EngineMaterials/T_Default_Material_Grid_N.uasset" 0
"../../../Engine/Content/EngineMaterials/T_Default_Material_Grid_M.uasset" 1
"../../../Engine/Content/Functions/Engine_MaterialFunctions01/Opacity/CameraDepthFade.uasset" 2
"../../../Engine/Content/EngineMaterials/WorldGridMaterial.uasset" 3
"../../../Engine/Content/ArtTools/RenderToTexture/Meshes/S_1_Unit_Plane.uasset" 4
"../../../Engine/Content/EngineMaterials/DefaultMaterial.uasset" 5
"../../../Engine/Content/BasicShapes/Cone.uasset" 6
"../../../Engine/Content/BasicShapes/Cube.uasset" 7
"../../../Engine/Content/BasicShapes/Plane.uasset" 8
"../../../Engine/Content/BasicShapes/Sphere.uasset" 9
"../../../Engine/Content/EngineMaterials/DefaultPhysicalMaterial.uasset" 10
"../../../Engine/Content/BufferVisualization/AmbientOcclusion.uasset" 11
"../../../Engine/Content/Functions/Engine_MaterialFunctions02/Utility/AppendMany.uasset" 12
"../../../Engine/Content/BufferVisualization/Anisotropy.uasset" 13
"../../../Engine/Content/BufferVisualization/BaseColor.uasset" 14
"../../../Engine/Content/BufferVisualization/CustomDepth.uasset" 15
"../../../Engine/Content/Functions/Engine_MaterialFunctions02/Utility/VectorLength.uasset" 16
"../../../Engine/Content/BufferVisualization/CustomDepthWorldUnits.uasset" 17
"../../../Engine/Content/Functions/Engine_MaterialFunctions02/Utility/BreakOutFloat2Components.uasset" 18
"../../../Engine/Content/Functions/Engine_MaterialFunctions01/Texturing/ScaleUVsByCenter.uasset" 19
"../../../Engine/Content/EngineMaterials/MiniFont.uasset" 20
"../../../Engine/Content/Functions/Engine_MaterialFunctions02/Utility/MakeFloat3.uasset" 21
"../../../Engine/Content/Functions/Engine_MaterialFunctions02/Utility/MakeFloat2.uasset" 22
"../../../Engine/Content/Functions/Engine_MaterialFunctions02/ScreenResolution.uasset" 23
"../../../Engine/Content/Functions/Engine_MaterialFunctions02/Texturing/ScreenAlignedUVs.uasset" 24
"../../../Engine/Content/BufferVisualization/CustomStencil.uasset" 25
"../../../Engine/Content/BufferVisualization/FinalImage.uasset" 26
"../../../Engine/Content/BufferVisualization/LightingModel.uasset" 27
"../../../Engine/Content/BufferVisualization/MaterialAO.uasset" 28
"../../../Engine/Content/BufferVisualization/Metallic.uasset" 29
"../../../Engine/Content/BufferVisualization/Opacity.uasset" 30
"../../../Engine/Content/BufferVisualization/PostTonemapHDRColor.uasset" 31
"../../../Engine/Content/BufferVisualization/PreTonemapHDRColor.uasset" 32
"../../../Engine/Content/BufferVisualization/Roughness.uasset" 33
"../../../Engine/Content/BufferVisualization/SceneColor.uasset" 34
"../../../Engine/Content/BufferVisualization/SceneDepth.uasset" 35
"../../../Engine/Content/BufferVisualization/SceneDepthWorldUnits.uasset" 36
"../../../Engine/Content/BufferVisualization/SeparateTranslucencyA.uasset" 37
"../../../Engine/Content/BufferVisualization/SeparateTranslucencyRGB.uasset" 38
"../../../Engine/Content/BufferVisualization/Specular.uasset" 39
"../../../Engine/Content/BufferVisualization/SubsurfaceColor.uasset" 40
"../../../Engine/Content/BufferVisualization/Velocity.uasset" 41
"../../../Engine/Content/BufferVisualization/WorldNormal.uasset" 42
"../../../Engine/Content/BufferVisualization/WorldTangent.uasset" 43
"../../../Engine/Content/EditorLandscapeResources/DataLayer.uasset" 44
"../../../Engine/Content/EditorLandscapeResources/DefaultAlphaTexture.uasset" 45
"../../../Engine/Content/EditorLandscapeResources/LandscapeGizmoHeight_Mat.uasset" 46
"../../../Engine/Content/EditorLandscapeResources/LandscapeGizmo_Mat.uasset" 47
"../../../Engine/Content/EditorLandscapeResources/LandscapeGizmo_Mat_Copied.uasset" 48
"../../../Engine/Content/EditorLandscapeResources/SplineEditorMeshMat.uasset" 49
"../../../Engine/Content/EditorLandscapeResources/SplineEditorMesh.uasset" 50
"../../../Engine/Content/EditorMaterials/Cross.uasset" 51
"../../../Engine/Content/EditorMaterials/Cross_Mat.uasset" 52
"../../../Engine/Content/EditorResources/T_EditorHelp.uasset" 53
"../../../Engine/Content/Functions/Engine_MaterialFunctions02/Utility/Sign.uasset" 54
"../../../Engine/Content/Functions/Engine_MaterialFunctions02/Utility/Round.uasset" 55
"../../../Engine/Content/Functions/Engine_MaterialFunctions02/ExampleContent/Textures/DebugNumberPeriod.uasset" 56
"../../../Engine/Content/Functions/Engine_MaterialFunctions02/ExampleContent/DebugNumberStrip.uasset" 57
"../../../Engine/Content/EngineMaterials/DefaultDiffuse.uasset" 58
"../../../Engine/Content/Functions/Engine_MaterialFunctions01/Texturing/TextureCropping.uasset" 59
"../../../Engine/Content/Functions/Engine_MaterialFunctions01/Texturing/ComputeMipLevel.uasset" 60
"../../../Engine/Content/Functions/Engine_MaterialFunctions02/Utility/DebugScalarValues.uasset" 61
"../../../Engine/Content/Functions/Engine_MaterialFunctions02/Utility/DebugFloat2Values.uasset" 62
"../../../Engine/Content/Functions/Engine_MaterialFunctions02/ExampleContent/Textures/flipbook.uasset" 63
"../../../Engine/Content/Functions/Engine_MaterialFunctions02/Texturing/FlipBook.uasset" 64
"../../../Engine/Content/EditorMaterials/HelpActorMaterial.uasset" 65
"../../../Engine/Content/Functions/Engine_MaterialFunctions03/Procedurals/ComputeFilterWidth.uasset" 66
"../../../Engine/Content/EngineMaterials/BlendFunc_DefBlend.uasset" 67
"../../../Engine/Content/EngineMaterials/BlendFunc_DefBase.uasset" 68
"../../../Engine/Content/Functions/Engine_MaterialFunctions03/Blends/Blend_Screen.uasset" 69
"../../../Engine/Content/EditorMaterials/TilingAALineIntegral.uasset" 70
"../../../Engine/Content/EditorMaterials/TilingAALineBoxFiltered.uasset" 71
"../../../Engine/Content/EditorMaterials/TilingAAGrid.uasset" 72
"../../../Engine/Content/EditorMaterials/TilingAADots.uasset" 73
"../../../Engine/Content/EditorMaterials/CompositeARGBLayer.uasset" 74
"../../../Engine/Content/EditorMaterials/LevelGridMaterial.uasset" 75
"../../../Engine/Content/EditorResources/LevelGrid1DStripes.uasset" 76
"../../../Engine/Content/EditorMaterials/TextureGridCascaded1D.uasset" 77
"../../../Engine/Content/EditorMaterials/TextureGridCascaded2D.uasset" 78
"../../../Engine/Content/EditorMaterials/MakeCompositeARGBLayer.uasset" 79
"../../../Engine/Content/EditorMaterials/LevelGridMaterial2.uasset" 80
"../../../Engine/Content/EditorMaterials/MAT_Groups_Toggle.uasset" 81
"../../../Engine/Content/EditorMaterials/MAT_Groups_Visibility.uasset" 82
"../../../Engine/Content/EditorMaterials/PhAT_BoneSelectedMaterial.uasset" 83
"../../../Engine/Content/EditorMaterials/PhAT_ElemSelectedMaterial.uasset" 84
"../../../Engine/Content/EditorMaterials/PhAT_NoCollisionMaterial.uasset" 85
"../../../Engine/Content/EditorMaterials/PhAT_UnselectedMaterial.uasset" 86
"../../../Engine/Content/EditorMaterials/PreviewShadowIndicator.uasset" 87
"../../../Engine/Content/EditorMaterials/PreviewShadowIndicatorMaterial.uasset" 88
"../../../Engine/Content/EditorMaterials/TargetIcon.uasset" 89
"../../../Engine/Content/EditorMaterials/Tick.uasset" 90
"../../../Engine/Content/EditorMaterials/Tick_Mat.uasset" 91
"../../../Engine/Content/EditorMaterials/WidgetGridVertexColorMaterial.uasset" 92
"../../../Engine/Content/EditorMaterials/WidgetGridVertexColorMaterial_Ma.uasset" 93
"../../../Engine/Content/EditorMaterials/WidgetMaterial.uasset" 94
"../../../Engine/Content/EditorMaterials/WidgetMaterial_Current.uasset" 95
"../../../Engine/Content/EditorMaterials/WidgetMaterial_X.uasset" 96
"../../../Engine/Content/EditorMaterials/WidgetMaterial_Y.uasset" 97
"../../../Engine/Content/EditorMaterials/WidgetMaterial_Z.uasset" 98
"../../../Engine/Content/EditorMaterials/WidgetVertexColorMaterial.uasset" 99
"../../../Engine/Content/EditorMaterials/MatineeGroups/MAT_ColorTrack.uasset" 100
"../../../Engine/Content/EditorMaterials/MatineeGroups/MAT_Groups_Anim.uasset" 101
"../../../Engine/Content/EditorMaterials/MatineeGroups/MAT_Groups_AudioMaster.uasset" 102
"../../../Engine/Content/EditorMaterials/MatineeGroups/MAT_Groups_Director.uasset" 103
"../../../Engine/Content/EditorMaterials/MatineeGroups/MAT_Groups_Event.uasset" 104
"../../../Engine/Content/EditorMaterials/MatineeGroups/MAT_Groups_Fade.uasset" 105
"../../../Engine/Content/EditorMaterials/MatineeGroups/MAT_Groups_Float.uasset" 106
"../../../Engine/Content/EditorMaterials/MatineeGroups/MAT_Groups_Move.uasset" 107
"../../../Engine/Content/EditorMaterials/MatineeGroups/MAT_Groups_Slomo.uasset" 108
"../../../Engine/Content/EditorMaterials/MatineeGroups/MAT_Groups_Sound.uasset" 109
"../../../Engine/Content/EditorMaterials/MatineeGroups/MAT_Groups_Vector.uasset" 110
"../../../Engine/Content/EditorMaterials/ParticleSystems/PSysThumbnail_NoImage.uasset" 111
"../../../Engine/Content/EditorMaterials/ParticleSystems/PSysThumbnail_OOD.uasset" 112
"../../../Engine/Content/EngineMaterials/Grid.uasset" 113
"../../../Engine/Content/EditorMaterials/Thumbnails/FloorPlaneMaterial.uasset" 114
"../../../Engine/Content/EditorMeshes/EditorCube.uasset" 115
"../../../Engine/Content/EditorMeshes/EditorCylinder.uasset" 116
"../../../Engine/Content/EditorMeshes/EditorPlane.uasset" 117
"../../../Engine/Content/EditorMaterials/Thumbnails/SkySphereMaterial.uasset" 118
"../../../Engine/Content/EditorMeshes/EditorSkySphere.uasset" 119
"../../../Engine/Content/EditorMeshes/EditorSphere.uasset" 120
"../../../Engine/Content/EditorResources/MatineeCam_D.uasset" 121
"../../../Engine/Content/EditorMaterials/MatineeCam_mat.uasset" 122
"../../../Engine/Content/EditorMeshes/MatineeCam_SM.uasset" 123
"../../../Engine/Content/EditorMeshes/PlanarReflectionPlane.uasset" 124
"../../../Engine/Content/EngineDebugMaterials/M_SimpleOpaque.uasset" 125
"../../../Engine/Content/EditorMaterials/Camera/MI_CineMat_CamViewFinder.uasset" 126
"../../../Engine/Content/EditorMaterials/Camera/CineMat.uasset" 127
"../../../Engine/Content/EditorMaterials/Camera/MI_CineMat_CameraBody.uasset" 128
"../../../Engine/Content/EditorMeshes/Camera/SM_CineCam.uasset" 129
"../../../Engine/Content/EditorMaterials/Camera/MI_CineMat_Rig.uasset" 130
"../../../Engine/Content/EditorMeshes/Camera/SM_CraneRig_Arm.uasset" 131
"../../../Engine/Content/EditorMeshes/Camera/SM_CraneRig_Base.uasset" 132
"../../../Engine/Content/EditorMeshes/Camera/SM_CraneRig_Body.uasset" 133
"../../../Engine/Content/EditorMeshes/Camera/SM_CraneRig_Mount.uasset" 134
"../../../Engine/Content/EditorMeshes/Camera/SM_RailRig_Mount.uasset" 135
"../../../Engine/Content/EditorMeshes/Camera/SM_RailRig_Track.uasset" 136
"../../../Engine/Content/EditorMeshes/ColorCalibrator/M_ChromeBall.uasset" 137
"../../../Engine/Content/EditorResources/Bad.uasset" 138
"../../../Engine/Content/EditorResources/BSPVertex.uasset" 139
"../../../Engine/Content/EditorResources/EmptyActor.uasset" 140
"../../../Engine/Content/EditorResources/MatInstActSprite.uasset" 141
"../../../Engine/Content/EditorResources/SceneManager.uasset" 142
"../../../Engine/Content/EditorResources/SmallFont.uasset" 143
"../../../Engine/Content/EditorResources/S_Actor.uasset" 144
"../../../Engine/Content/EditorResources/S_CameraShakeSource.uasset" 145
"../../../Engine/Content/EditorResources/S_DecalActorIcon.uasset" 146
"../../../Engine/Content/EditorResources/S_Emitter.uasset" 147
"../../../Engine/Content/EditorResources/S_ExpoHeightFog.uasset" 148
"../../../Engine/Content/EditorResources/S_FTest.uasset" 149
"../../../Engine/Content/EditorResources/S_KBSJoint.uasset" 150
"../../../Engine/Content/EditorResources/S_KHinge.uasset" 151
"../../../Engine/Content/EditorResources/S_KPrismatic.uasset" 152
"../../../Engine/Content/EditorResources/S_LevelSequence.uasset" 153
"../../../Engine/Content/EditorResources/S_NavP.uasset" 154
"../../../Engine/Content/EditorResources/S_Note.uasset" 155
"../../../Engine/Content/EditorResources/S_Player.uasset" 156
"../../../Engine/Content/EditorResources/S_PortalActorIcon2.uasset" 157
"../../../Engine/Content/EditorResources/S_RadForce.uasset" 158
"../../../Engine/Content/EditorResources/S_ReflActorIcon.uasset" 159
"../../../Engine/Content/EditorResources/S_SkyAtmosphere.uasset" 160
"../../../Engine/Content/EditorResources/S_Solver.uasset" 161
"../../../Engine/Content/EditorResources/S_Terrain.uasset" 162
"../../../Engine/Content/EditorResources/S_TextRenderActorIcon.uasset" 163
"../../../Engine/Content/EditorResources/S_Thruster.uasset" 164
"../../../Engine/Content/EditorResources/S_Trigger.uasset" 165
"../../../Engine/Content/EditorResources/S_VectorFieldVol.uasset" 166
"../../../Engine/Content/EditorResources/S_VolumetricCloud.uasset" 167
"../../../Engine/Content/EditorResources/S_WindDirectional.uasset" 168
"../../../Engine/Content/EditorResources/AI/S_NavLink.uasset" 169
"../../../Engine/Content/EditorResources/LightIcons/SkyLight.uasset" 170
"../../../Engine/Content/EditorResources/LightIcons/S_LightDirectional.uasset" 171
"../../../Engine/Content/EditorResources/LightIcons/S_LightDirectionalMove.uasset" 172
"../../../Engine/Content/EditorResources/LightIcons/S_LightError.uasset" 173
"../../../Engine/Content/EditorResources/LightIcons/S_LightPoint.uasset" 174
"../../../Engine/Content/EditorResources/LightIcons/S_LightPointMove.uasset" 175
"../../../Engine/Content/EditorResources/LightIcons/S_LightSpot.uasset" 176
"../../../Engine/Content/EditorResources/LightIcons/S_LightSpotMove.uasset" 177
"../../../Engine/Content/EditorResources/SequenceRecorder/Countdown.uasset" 178
"../../../Engine/Content/EditorResources/SequenceRecorder/RecordingIndicator.uasset" 179
"../../../Engine/Content/EditorResources/Spline/T_Loft_Spline.uasset" 180
"../../../Engine/Content/EditorSounds/Notifications/CompileFailed.uasset" 181
"../../../Engine/Content/EditorSounds/Notifications/CompileFailed_Cue.uasset" 182
"../../../Engine/Content/EditorSounds/Notifications/CompileSuccess.uasset" 183
"../../../Engine/Content/EditorSounds/Notifications/CompileStart_Cue.uasset" 184
"../../../Engine/Content/EngineDamageTypes/DmgTypeBP_Environmental.uasset" 185
"../../../Engine/Content/EngineDebugMaterials/HeatmapGradient.uasset" 186
"../../../Engine/Content/EngineDebugMaterials/BoneWeightMaterial.uasset" 187
"../../../Engine/Content/EngineDebugMaterials/ClothMaterial.uasset" 188
"../../../Engine/Content/EngineDebugMaterials/ClothMaterial_WF.uasset" 189
"../../../Engine/Content/EngineDebugMaterials/DebugEditorMaterial.uasset" 190
"../../../Engine/Content/EngineDebugMaterials/DebugMeshMaterial.uasset" 191
"../../../Engine/Content/EngineDebugMaterials/GeomMaterial.uasset" 192
"../../../Engine/Content/Functions/Engine_MaterialFunctions01/Shading/ConvertFromDiffSpec.uasset" 193
"../../../Engine/Content/EngineDebugMaterials/LevelColorationLitMaterial.uasset" 194
"../../../Engine/Content/EngineDebugMaterials/LevelColorationUnlitMaterial.uasset" 195
"../../../Engine/Content/EngineMaterials/DefaultWhiteGrid.uasset" 196
"../../../Engine/Content/EngineDebugMaterials/MAT_LevelColorationLitLightmapUV.uasset" 197
"../../../Engine/Content/EngineDebugMaterials/M_SimpleUnlitTranslucent.uasset" 198
"../../../Engine/Content/EngineMaterials/DefaultWhiteGrid_Low.uasset" 199
"../../../Engine/Content/EngineDebugMaterials/PhysicalMaterialMaskMaterial.uasset" 200
"../../../Engine/Content/EngineDebugMaterials/ShadedLevelColorationLitMaterial.uasset" 201
"../../../Engine/Content/EngineDebugMaterials/ShadedLevelColorationUnlitMateri.uasset" 202
"../../../Engine/Content/EngineDebugMaterials/VertexColorMaterial.uasset" 203
"../../../Engine/Content/EngineDebugMaterials/VertexColorViewMode_AlphaAsColor.uasset" 204
"../../../Engine/Content/EngineDebugMaterials/VertexColorViewMode_BlueOnly.uasset" 205
"../../../Engine/Content/EngineDebugMaterials/VertexColorViewMode_ColorOnly.uasset" 206
"../../../Engine/Content/EngineDebugMaterials/VertexColorViewMode_GreenOnly.uasset" 207
"../../../Engine/Content/EngineDebugMaterials/VertexColorViewMode_RedOnly.uasset" 208
"../../../Engine/Content/EngineDebugMaterials/WireframeMaterial.uasset" 209
"../../../Engine/Content/EngineFonts/Faces/RobotoRegular.uasset" 210
"../../../Engine/Content/EngineFonts/Faces/RobotoLight.uasset" 211
"../../../Engine/Content/EngineFonts/Faces/RobotoItalic.uasset" 212
"../../../Engine/Content/EngineFonts/Faces/RobotoBoldItalic.uasset" 213
"../../../Engine/Content/EngineFonts/Faces/RobotoBold.uasset" 214
"../../../Engine/Content/EngineFonts/Faces/DroidSansFallback.uasset" 215
"../../../Engine/Content/EngineFonts/Roboto.uasset" 216
"../../../Engine/Content/EngineFonts/Faces/RobotoTiny.uasset" 217
"../../../Engine/Content/EngineFonts/RobotoTiny.uasset" 218
"../../../Engine/Content/EngineFonts/SmallFont.uasset" 219
"../../../Engine/Content/EngineFonts/TinyFont.uasset" 220
"../../../Engine/Content/EngineMaterials/BaseFlattenNormalMap.uasset" 221
"../../../Engine/Content/EngineMaterials/BaseFlattenGrayscaleMap.uasset" 222
"../../../Engine/Content/EngineMaterials/BaseFlattenEmissiveMap.uasset" 223
"../../../Engine/Content/EngineMaterials/BaseFlattenDiffuseMap.uasset" 224
"../../../Engine/Content/EngineMaterials/BaseFlattenMaterial.uasset" 225
"../../../Engine/Content/EngineResources/WhiteSquareTexture.uasset" 226
"../../../Engine/Content/EngineMaterials/BlinkingCaret.uasset" 227
"../../../Engine/Content/EngineMaterials/BlueNoise.uasset" 228
"../../../Engine/Content/EngineMaterials/DefaultBloomKernel.uasset" 229
"../../../Engine/Content/EngineMaterials/DefaultBokeh.uasset" 230
"../../../Engine/Content/EngineMaterials/DefaultDeferredDecalMaterial.uasset" 231
"../../../Engine/Content/EngineMaterials/DefaultLightFunctionMaterial.uasset" 232
"../../../Engine/Content/EngineMaterials/DefaultNormal.uasset" 233
"../../../Engine/Content/EngineMaterials/DefaultPostProcessMaterial.uasset" 234
"../../../Engine/Content/EngineFonts/RobotoDistanceField.uasset" 235
"../../../Engine/Content/EngineMaterials/DefaultTextMaterialOpaque.uasset" 236
"../../../Engine/Content/EngineMaterials/EditorBrushMaterial.uasset" 237
"../../../Engine/Content/EngineMaterials/EmissiveMeshMaterial.uasset" 238
"../../../Engine/Content/EngineMaterials/GizmoMaterial.uasset" 239
"../../../Engine/Content/EngineMaterials/Good64x64TilingNoiseHighFreq.uasset" 240
"../../../Engine/Content/EngineMaterials/Grid_N.uasset" 241
"../../../Engine/Content/EngineMaterials/HighResolutionScreenshotMaskFunction.uasset" 242
"../../../Engine/Content/EngineMaterials/HighResScreenshot.uasset" 243
"../../../Engine/Content/EngineMaterials/HighResScreenshotCaptureRegion.uasset" 244
"../../../Engine/Content/EngineMaterials/HighResScreenshotMask.uasset" 245
"../../../Engine/Content/EngineMaterials/LandscapeHolePhysicalMaterial.uasset" 246
"../../../Engine/Content/EngineMaterials/InvalidLightmapSettings.uasset" 247
"../../../Engine/Content/EngineMaterials/M_InvalidLightmapSettings.uasset" 248
"../../../Engine/Content/EngineMaterials/PaperDiffuse.uasset" 249
"../../../Engine/Content/EngineMaterials/PaperNormal.uasset" 250
"../../../Engine/Content/Functions/Engine_MaterialFunctions02/WorldPositionOffset/CameraOffset.uasset" 251
"../../../Engine/Content/EngineMaterials/PhAT_JointLimitMaterial.uasset" 252
"../../../Engine/Content/EngineMaterials/PhysMat_Rubber.uasset" 253
"../../../Engine/Content/EngineMaterials/PreintegratedSkinBRDF.uasset" 254
"../../../Engine/Content/EngineMaterials/RemoveSurfaceMaterial.uasset" 255
"../../../Engine/Content/EngineMaterials/WeightMapPlaceholderTexture.uasset" 256
"../../../Engine/Content/Functions/Engine_MaterialFunctions02/Utility/BreakOutFloat3Components.uasset" 257
"../../../Engine/Content/Functions/Engine_MaterialFunctions01/ImageAdjustment/sRGBToLinear.uasset" 258
"../../../Engine/Content/EngineMaterials/Widget3DCameraPassThrough_Opaque_OneSided.uasset" 259
"../../../Engine/Content/EngineMaterials/Widget3DPassThrough.uasset" 260
"../../../Engine/Content/EngineMaterials/Widget3DPassThrough_Masked.uasset" 261
"../../../Engine/Content/EngineMaterials/Widget3DPassThrough_Opaque.uasset" 262
"../../../Engine/Content/EngineMaterials/Widget3DPassThrough_Masked_OneSided.uasset" 263
"../../../Engine/Content/EngineMaterials/Widget3DPassThrough_Opaque_OneSided.uasset" 264
"../../../Engine/Content/EngineMaterials/Widget3DPassThrough_Translucent.uasset" 265
"../../../Engine/Content/EngineMaterials/Widget3DPassThrough_Translucent_OneSided.uasset" 266
"../../../Engine/Content/EngineMeshes/Cube.uasset" 267
"../../../Engine/Content/EngineMeshes/Cylinder.uasset" 268
"../../../Engine/Content/EngineMeshes/Sphere.uasset" 269
"../../../Engine/Content/EngineResources/Black.uasset" 270
"../../../Engine/Content/EngineResources/DefaultTextureCube.uasset" 271
"../../../Engine/Content/EngineResources/DefaultVolumeTexture2D.uasset" 272
"../../../Engine/Content/EngineResources/DefaultVolumeTexture.uasset" 273
"../../../Engine/Content/EngineResources/GradientTexture0.uasset" 274
"../../../Engine/Content/EngineResources/StreamingPauseIcon.uasset" 275
"../../../Engine/Content/EngineResources/M_StreamingPause.uasset" 276
"../../../Engine/Content/EngineSky/VolumetricClouds/T_NoiseShape64.uasset" 277
"../../../Engine/Content/EngineSky/VolumetricClouds/T_VolumeNoiseShape64.uasset" 278
"../../../Engine/Content/EngineSky/VolumetricClouds/T_NoiseErosion.uasset" 279
"../../../Engine/Content/EngineSky/VolumetricClouds/T_VolumeNoiseErosion32.uasset" 280
"../../../Engine/Content/EngineSky/VolumetricClouds/CloudWeatherTexture.uasset" 281
"../../../Engine/Content/EngineSky/VolumetricClouds/CloudGradientTexture.uasset" 282
"../../../Engine/Content/EngineSky/VolumetricClouds/m_SimpleVolumetricCloud.uasset" 283
"../../../Engine/Content/EngineSky/VolumetricClouds/m_SimpleVolumetricCloud_Inst.uasset" 284
"../../../Engine/Content/EngineSounds/Master.uasset" 285
"../../../Engine/Content/EngineDebugMaterials/VolumeToRender.uasset" 286
"../../../Engine/Content/Functions/Engine_MaterialFunctions02/Utility/CameraDirectionVector.uasset" 287
"../../../Engine/Content/EngineDebugMaterials/M_VolumeRenderSphereTracePP.uasset" 288
"../../../Engine/Content/Functions/Engine_MaterialFunctions01/Shading/PowerToRoughness.uasset" 289
"../../../Engine/Content/Maps/Templates/Thumbnails/Default.uasset" 290
"../../../Engine/Content/Maps/Templates/Thumbnails/TimeOfDay.uasset" 291
"../../../Engine/Content/Maps/Templates/Thumbnails/VR-Basic.uasset" 292
"../../../Engine/Content/MapTemplates/Sky/DaylightAmbientCubemap.uasset" 293
"../../../Engine/Content/MobileResources/T_MobileControls_texture.uasset" 294
"../../../Engine/Content/MobileResources/T_MobileMenu2.uasset" 295
"../../../Engine/Content/MobileResources/HUD/AnalogHat.uasset" 296
"../../../Engine/Content/MobileResources/HUD/VirtualJoystick_Thumb.uasset" 297
"../../../Engine/Content/MobileResources/HUD/VirtualJoystick_Background.uasset" 298
"../../../Engine/Content/MobileResources/HUD/DefaultVirtualJoysticks.uasset" 299
"../../../Engine/Content/MobileResources/HUD/LeftVirtualJoystickOnly.uasset" 300
"../../../Engine/Content/MobileResources/HUD/MobileHUDButton1_off.uasset" 301
"../../../Engine/Content/MobileResources/HUD/MobileHUDButton1_on.uasset" 302
"../../../Engine/Content/MobileResources/HUD/MobileHUDButton2_off.uasset" 303
"../../../Engine/Content/MobileResources/HUD/MobileHUDButton2_on.uasset" 304
"../../../Engine/Content/MobileResources/HUD/MobileHUDButton3.uasset" 305
"../../../Engine/Content/MobileResources/HUD/MobileHUDButtonFire.uasset" 306
"../../../Engine/Content/MobileResources/HUD/MobileHUDDirectionPad.uasset" 307
"../../../Engine/Content/MobileResources/HUD/MobileHUDDirectionPad2.uasset" 308
"../../../Engine/Content/MobileResources/HUD/MobileHUDDirectionPad3.uasset" 309
"../../../Engine/Content/MobileResources/HUD/MobileHUDDirectionStick.uasset" 310
"../../../Engine/Content/MobileResources/HUD/T_Castle_ThumbstickInner.uasset" 311
"../../../Engine/Content/MobileResources/HUD/T_Castle_ThumbstickOutter.uasset" 312
"../../../Engine/Content/Tutorial/ContentIntroCurve.uasset" 313
"../../../Engine/Content/Tutorial/Basics/LevelEditorAttract.uasset" 314
"../../../Engine/Content/Tutorial/Basics/TutorialAssets/icon_tab_Levels_40x.uasset" 315
"../../../Engine/Content/Tutorial/Basics/LevelEditorOverview.uasset" 316
"../../../Engine/Content/Tutorial/SubEditors/StaticMeshEditorTutorial.uasset" 317
"../../../Engine/Content/VREditor/TransformGizmo/TranslucentTransformGizmoMaterial.uasset" 318
"../../../Engine/Content/VREditor/LaserPointer/VR_LaserPower_01.uasset" 319
"../../../Engine/Content/VREditor/TransformGizmo/TransformGizmoMaterial.uasset" 320
"../../../Engine/Content/VREditor/TransformGizmo/BoundingBoxCorner.uasset" 321
"../../../Engine/Content/VREditor/TransformGizmo/BoundingBoxEdge.uasset" 322
"../../../Engine/Content/VREditor/TransformGizmo/PlaneTranslationHandle.uasset" 323
"../../../Engine/Content/VREditor/TransformGizmo/Xray.uasset" 324
"../../../Engine/Content/VREditor/TransformGizmo/Main.uasset" 325
"../../../Engine/Content/VREditor/TransformGizmo/SM_Sequencer_Key.uasset" 326
"../../../Engine/Content/VREditor/TransformGizmo/SM_Sequencer_Node.uasset" 327
"F:/1_Project/3_Studio/Games/LightPerson/UE4/LightPerson/Content/UI/Sprites/Artboard_1.uasset" 328
"F:/1_Project/3_Studio/Games/LightPerson/UE4/LightPerson/Content/UI/Sprites/S_MainMenu.uasset" 329
"../../Plugins/2D/Paper2D/Content/PlaceholderTextures/DummySpriteTexture.uasset" 330
"../../Plugins/2D/Paper2D/Content/DummySprite.uasset" 331
"../../Plugins/2D/Paper2D/Content/DefaultPaperTerrainMaterial.uasset" 332
"../../Plugins/2D/Paper2D/Content/DefaultSpriteMaterial.uasset" 333
"../../Plugins/2D/Paper2D/Content/MaskedUnlitSpriteMaterial.uasset" 334
"../../Plugins/2D/Paper2D/Content/OpaqueUnlitSpriteMaterial.uasset" 335
"../../Plugins/FX/Niagara/Content/Enums/ENiagaraCoordinateSpace.uasset" 336
"../../Plugins/FX/Niagara/Content/Enums/ENiagaraOrientationAxis.uasset" 337
"../../Plugins/FX/Niagara/Content/Enums/ENiagaraRandomnessMode.uasset" 338
"../../Plugins/FX/Niagara/Content/Icons/S_ParticleSystem.uasset" 339
"../../Plugins/Editor/SpeedTreeImporter/Content/SpeedTree9/UnpackInteger3.uasset" 340
"../../Plugins/Editor/SpeedTreeImporter/Content/SpeedTree9/UnpackDirection.uasset" 341
"../../Plugins/Editor/SpeedTreeImporter/Content/SpeedTree9/game_wind_noise.uasset" 342
"../../../Engine/Content/Functions/Engine_MaterialFunctions02/SafeNormalize.uasset" 343
"../../Plugins/Editor/SpeedTreeImporter/Content/SpeedTree9/SpeedTreeWindMotion.uasset" 344
"../../Plugins/Editor/SpeedTreeImporter/Content/SpeedTree9/SpeedTreeBranchMotion.uasset" 345
"../../../Engine/Content/Functions/Engine_MaterialFunctions02/ObjectLocalBounds.uasset" 346
"../../../Engine/Content/Functions/Engine_MaterialFunctions02/UVs/BoundingBoxBased_0-1_UVW.uasset" 347
"../../Plugins/Editor/SpeedTreeImporter/Content/SpeedTree9/SpeedTreeWind.uasset" 348
"../../Plugins/Editor/SpeedTreeImporter/Content/SpeedTree9/SpeedTreeBillboard.uasset" 349
"../../../Engine/Content/EngineResources/DefaultTexture.uasset" 350
"../../Plugins/Editor/SpeedTreeImporter/Content/SpeedTree9/SpeedTreeBillboardMaster.uasset" 351
"../../Plugins/Editor/SpeedTreeImporter/Content/SpeedTree9/SpeedTreeCameraFacing.uasset" 352
"../../Plugins/Editor/SpeedTreeImporter/Content/SpeedTree9/SpeedTreeMaster.uasset" 353
"../../../Engine/Content/ArtTools/RenderToTexture/Materials/Debug/M_Emissive_Color.uasset" 354
"../../../Engine/Content/BasicShapes/Cylinder.uasset" 355
"../../Plugins/Lumin/MagicLeapPassableWorld/Content/MagicLeapARPinInfoActor.uasset" 356
"../../../Engine/Content/Functions/Engine_MaterialFunctions02/Utility/BreakOutFloat4Components.uasset" 357
"../../Plugins/Runtime/Oculus/OculusVR/Content/Materials/OculusMR_ChromaKey.uasset" 358
"../../Plugins/Runtime/Oculus/OculusVR/Content/Materials/OculusMR_OpaqueColoredMaterial.uasset" 359
"../../Plugins/Runtime/Oculus/OculusVR/Content/Materials/PokeAHoleMaterial.uasset" 360
"../../../Engine/Content/Maps/Entry_BuiltData.uasset" 361
"../../../Engine/Content/Maps/Entry.umap" 362
"../../Plugins/2D/Paper2D/Content/TranslucentUnlitSpriteMaterial.uasset" 363
"F:/1_Project/3_Studio/Games/LightPerson/UE4/LightPerson/Content/UI/Sprites/Artboard_1_Sprite_7.uasset" 364
"F:/1_Project/3_Studio/Games/LightPerson/UE4/LightPerson/Content/UI/Sprites/Artboard_1_Sprite_6.uasset" 365
"F:/1_Project/3_Studio/Games/LightPerson/UE4/LightPerson/Content/UI/Sprites/Artboard_1_Sprite_2.uasset" 366
"F:/1_Project/3_Studio/Games/LightPerson/UE4/LightPerson/Content/UI/Sprites/Artboard_1_Sprite_10.uasset" 367
"F:/1_Project/3_Studio/Games/LightPerson/UE4/LightPerson/Content/UI/Sprites/Artboard_1_Sprite_1.uasset" 368
"F:/1_Project/3_Studio/Games/LightPerson/UE4/LightPerson/Content/UI/Sprites/Artboard_1_Sprite_0.uasset" 369
"F:/1_Project/3_Studio/Games/LightPerson/UE4/LightPerson/Content/UI/Sprites/Artboard_1_Sprite_9.uasset" 370
"F:/1_Project/3_Studio/Games/LightPerson/UE4/LightPerson/Content/UI/Sprites/Artboard_1_Sprite_8.uasset" 371
"F:/1_Project/3_Studio/Games/LightPerson/UE4/LightPerson/Content/UI/Sprites/Artboard_1_Sprite_5.uasset" 372
"F:/1_Project/3_Studio/Games/LightPerson/UE4/LightPerson/Content/UI/Sprites/Artboard_1_Sprite_4.uasset" 373
"F:/1_Project/3_Studio/Games/LightPerson/UE4/LightPerson/Content/UI/Sprites/Artboard_1_Sprite_3.uasset" 374
"F:/1_Project/3_Studio/Games/LightPerson/UE4/LightPerson/Content/UI/W_MainMenu.uasset" 375
"F:/1_Project/3_Studio/Games/LightPerson/UE4/LightPerson/Content/BP/MenuPC.uasset" 376
"F:/1_Project/3_Studio/Games/LightPerson/UE4/LightPerson/Content/BP/MenuGM.uasset" 377
"F:/1_Project/3_Studio/Games/LightPerson/UE4/LightPerson/Content/Levels/L_Start.umap" 378
"F:/1_Project/3_Studio/Games/LightPerson/UE4/LightPerson/Content/Models/Environment/Decoration/Xerox/SM_XeroxMachine3P.uasset" 379
"F:/1_Project/3_Studio/Games/LightPerson/UE4/LightPerson/Content/Models/Environment/Decoration/Xerox/BaseColorSM_XeroxMachine3P.uasset" 380
"F:/1_Project/3_Studio/Games/LightPerson/UE4/LightPerson/Content/Models/Environment/Decoration/Xerox/BaseColorSM_XeroxMachine3P_Mat.uasset" 381
"F:/1_Project/3_Studio/Games/LightPerson/UE4/LightPerson/Content/Models/Environment/Decoration/Xerox/BaseColorSM_XeroxMachine3P_Mat_Inst.uasset" 382
"F:/1_Project/3_Studio/Games/LightPerson/UE4/LightPerson/Content/Models/Environment/Buildings/Walls/SM_Wall3P_Tile.uasset" 383
"F:/1_Project/3_Studio/Games/LightPerson/UE4/LightPerson/Content/Materials/Red.uasset" 384
"F:/1_Project/3_Studio/Games/LightPerson/UE4/LightPerson/Content/Models/Environment/Decoration/Xerox/BP_SM_XeroxMachine.uasset" 385
"F:/1_Project/3_Studio/Games/LightPerson/UE4/LightPerson/Content/Models/Environment/Decoration/OfficeWorkplace/SM_OfficeWorkplace3P.uasset" 386
"F:/1_Project/3_Studio/Games/LightPerson/UE4/LightPerson/Content/Models/Environment/Decoration/OfficeWorkplace/BaseColorSM_OfficeWorkplace3P.uasset" 387
"F:/1_Project/3_Studio/Games/LightPerson/UE4/LightPerson/Content/Models/Environment/Decoration/OfficeWorkplace/BaseColorSM_OfficeWorkplace3P_Mat.uasset" 388
"F:/1_Project/3_Studio/Games/LightPerson/UE4/LightPerson/Content/Models/Environment/Decoration/OfficeWorkplace/BaseColorSM_OfficeWorkplace3P_Mat_Inst.uasset" 389
"F:/1_Project/3_Studio/Games/LightPerson/UE4/LightPerson/Content/Models/Environment/Decoration/OfficeWorkplace/BP_SM_OfficeWorkplace.uasset" 390
"F:/1_Project/3_Studio/Games/LightPerson/UE4/LightPerson/Content/Models/Environment/Buildings/Walls/SM_Wall3P_WindowDirect.uasset" 391
"F:/1_Project/3_Studio/Games/LightPerson/UE4/LightPerson/Content/Models/Environment/Buildings/Walls/BaseColorSM_Wall3PP.uasset" 392
"F:/1_Project/3_Studio/Games/LightPerson/UE4/LightPerson/Content/Models/Environment/Buildings/Walls/BaseColorSM_Wall3PP_Mat.uasset" 393
"F:/1_Project/3_Studio/Games/LightPerson/UE4/LightPerson/Content/Models/Environment/Buildings/Walls/BaseColorSM_Wall3PP_Mat_Inst.uasset" 394
"F:/1_Project/3_Studio/Games/LightPerson/UE4/LightPerson/Content/Models/Environment/Buildings/Walls/BP_SM_Wall_WindowDirect.uasset" 395
"F:/1_Project/3_Studio/Games/LightPerson/UE4/LightPerson/Content/Models/Environment/Buildings/Walls/SM_Wall3P_WallTriple.uasset" 396
"F:/1_Project/3_Studio/Games/LightPerson/UE4/LightPerson/Content/Models/Environment/Buildings/Walls/BP_SM_Wall_WallTriple.uasset" 397
"F:/1_Project/3_Studio/Games/LightPerson/UE4/LightPerson/Content/Models/Environment/Buildings/Walls/SM_Wall3P_WallDirectLine.uasset" 398
"F:/1_Project/3_Studio/Games/LightPerson/UE4/LightPerson/Content/Models/Environment/Buildings/Walls/BP_SM_Wall_WallDirectLine.uasset" 399
"F:/1_Project/3_Studio/Games/LightPerson/UE4/LightPerson/Content/Models/Environment/Buildings/Walls/SM_Wall3P_WallCrossroad.uasset" 400
"F:/1_Project/3_Studio/Games/LightPerson/UE4/LightPerson/Content/Models/Environment/Buildings/Walls/BP_SM_Wall_WallCrossroad.uasset" 401
"F:/1_Project/3_Studio/Games/LightPerson/UE4/LightPerson/Content/Models/Environment/Buildings/Walls/SM_Wall3P_WallCorner.uasset" 402
"F:/1_Project/3_Studio/Games/LightPerson/UE4/LightPerson/Content/Models/Environment/Buildings/Walls/BP_SM_Wall_WallCorner.uasset" 403
"F:/1_Project/3_Studio/Games/LightPerson/UE4/LightPerson/Content/Materials/Main.uasset" 404
"F:/1_Project/3_Studio/Games/LightPerson/UE4/LightPerson/Content/Models/Environment/Buildings/Floors/SM_Wall_Tile.uasset" 405
"F:/1_Project/3_Studio/Games/LightPerson/UE4/LightPerson/Content/Materials/Black.uasset" 406
"F:/1_Project/3_Studio/Games/LightPerson/UE4/LightPerson/Content/Models/Environment/Buildings/Floors/BP_SM_Wall_Tile_Black.uasset" 407
"F:/1_Project/3_Studio/Games/LightPerson/UE4/LightPerson/Content/Materials/White.uasset" 408
"F:/1_Project/3_Studio/Games/LightPerson/UE4/LightPerson/Content/Models/Environment/Buildings/Floors/BP_SM_Wall_Tile.uasset" 409
"F:/1_Project/3_Studio/Games/LightPerson/UE4/LightPerson/Content/Materials/Spawn.uasset" 410
"F:/1_Project/3_Studio/Games/LightPerson/UE4/LightPerson/Content/Models/Environment/Buildings/Floors/BP_PlayerSpawn.uasset" 411
"F:/1_Project/3_Studio/Games/LightPerson/UE4/LightPerson/Content/BP/Interface/MainInterface.uasset" 412
"F:/1_Project/3_Studio/Games/LightPerson/UE4/LightPerson/Content/Models/Environment/Buildings/DoorWithoutAlock/SM_DoorWithoutAlock3P_SM_TheDoorJambWithoutAlock.uasset" 413
"F:/1_Project/3_Studio/Games/LightPerson/UE4/LightPerson/Content/Models/Environment/Buildings/DoorWithoutAlock/SM_DoorWithoutAlock3P_SM_DoorWithoutAlock.uasset" 414
"F:/1_Project/3_Studio/Games/LightPerson/UE4/LightPerson/Content/Models/Environment/Buildings/DoorWithoutAlock/BaseColorSM_DoorWithoutAlock3P.uasset" 415
"F:/1_Project/3_Studio/Games/LightPerson/UE4/LightPerson/Content/Models/Environment/Buildings/DoorWithoutAlock/BaseColorSM_DoorWithoutAlock3P_Mat.uasset" 416
"F:/1_Project/3_Studio/Games/LightPerson/UE4/LightPerson/Content/Models/Environment/Buildings/DoorWithoutAlock/BaseColorSM_DoorWithoutAlock3P_Mat_Inst.uasset" 417
"F:/1_Project/3_Studio/Games/LightPerson/UE4/LightPerson/Content/Materials/Brown.uasset" 418
"F:/1_Project/3_Studio/Games/LightPerson/UE4/LightPerson/Content/Models/Environment/Buildings/DoorWithoutAlock/BP_SM_DoorWithoutAlock_SM_TheDoorJambWithoutAlock.uasset" 419
"F:/1_Project/3_Studio/Games/LightPerson/UE4/LightPerson/Content/Models/Environment/Interactive/Safe/SM_Safe3P_SM_SafeDoor.uasset" 420
"F:/1_Project/3_Studio/Games/LightPerson/UE4/LightPerson/Content/Models/Environment/Interactive/Safe/SM_Safe3P_SM_Safe.uasset" 421
"F:/1_Project/3_Studio/Games/LightPerson/UE4/LightPerson/Content/Models/Environment/Interactive/Safe/BaseColorSM_Safe3P.uasset" 422
"F:/1_Project/3_Studio/Games/LightPerson/UE4/LightPerson/Content/Models/Environment/Interactive/Safe/BaseColorSM_Safe3P_Mat.uasset" 423
"F:/1_Project/3_Studio/Games/LightPerson/UE4/LightPerson/Content/Models/Environment/Interactive/Safe/BaseColorSM_Safe3P_Mat_Inst.uasset" 424
"F:/1_Project/3_Studio/Games/LightPerson/UE4/LightPerson/Content/Materials/Yellow.uasset" 425
"F:/1_Project/3_Studio/Games/LightPerson/UE4/LightPerson/Content/Models/Environment/Interactive/Safe/BP_SM_Safe_SM_Safe.uasset" 426
"F:/1_Project/3_Studio/Games/LightPerson/UE4/LightPerson/Content/Models/Environment/Interactive/FileCabinet/SM_FileCabinet3P_SM_FileCabinet_Boxes.uasset" 427
"F:/1_Project/3_Studio/Games/LightPerson/UE4/LightPerson/Content/Models/Environment/Interactive/FileCabinet/SM_FileCabinet3P_SM_FileCabinet.uasset" 428
"F:/1_Project/3_Studio/Games/LightPerson/UE4/LightPerson/Content/Models/Environment/Interactive/FileCabinet/BaseColorSM_FileCabinet3P.uasset" 429
"F:/1_Project/3_Studio/Games/LightPerson/UE4/LightPerson/Content/Models/Environment/Interactive/FileCabinet/BaseColorSM_FileCabinet3P_Mat.uasset" 430
"F:/1_Project/3_Studio/Games/LightPerson/UE4/LightPerson/Content/Models/Environment/Interactive/FileCabinet/BaseColorSM_FileCabinet3P_Mat_Inst.uasset" 431
"F:/1_Project/3_Studio/Games/LightPerson/UE4/LightPerson/Content/Models/Environment/Interactive/FileCabinet/BP_SM_FileCabinet_SM_FileCabinet.uasset" 432
"F:/1_Project/3_Studio/Games/LightPerson/UE4/LightPerson/Content/Models/Environment/Buildings/DoorLocked/SM_DoorIsLocked3P_SM_TheDoorJambIsLocked.uasset" 433
"F:/1_Project/3_Studio/Games/LightPerson/UE4/LightPerson/Content/Models/Environment/Buildings/DoorLocked/SM_DoorIsLocked3P_SM_DoorIsLocked.uasset" 434
"F:/1_Project/3_Studio/Games/LightPerson/UE4/LightPerson/Content/Models/Environment/Buildings/DoorLocked/BaseColorSM_DoorIsLocked3P.uasset" 435
"F:/1_Project/3_Studio/Games/LightPerson/UE4/LightPerson/Content/Models/Environment/Buildings/DoorLocked/BaseColorSM_DoorIsLocked3P_Mat.uasset" 436
"F:/1_Project/3_Studio/Games/LightPerson/UE4/LightPerson/Content/Models/Environment/Buildings/DoorLocked/BaseColorSM_DoorIsLocked3P_Mat_Inst.uasset" 437
"F:/1_Project/3_Studio/Games/LightPerson/UE4/LightPerson/Content/Materials/Green.uasset" 438
"F:/1_Project/3_Studio/Games/LightPerson/UE4/LightPerson/Content/Models/Environment/Buildings/DoorLocked/BP_SM_DoorIsLocked__1__SM_TheDoorJambIsLocked.uasset" 439
"F:/1_Project/3_Studio/Games/LightPerson/UE4/LightPerson/Content/Models/Characters/Material_002.uasset" 440
"F:/1_Project/3_Studio/Games/LightPerson/UE4/LightPerson/Content/Models/Characters/MainCharacter_3_Cube_014.uasset" 441
"F:/1_Project/3_Studio/Games/LightPerson/UE4/LightPerson/Content/Models/Characters/MainCharacter_3_Cube_012.uasset" 442
"F:/1_Project/3_Studio/Games/LightPerson/UE4/LightPerson/Content/Models/Characters/Material_001.uasset" 443
"F:/1_Project/3_Studio/Games/LightPerson/UE4/LightPerson/Content/Models/Characters/MainCharacter_3_Cube_011.uasset" 444
"F:/1_Project/3_Studio/Games/LightPerson/UE4/LightPerson/Content/Models/Characters/Material.uasset" 445
"F:/1_Project/3_Studio/Games/LightPerson/UE4/LightPerson/Content/Models/Characters/MainCharacter_3_Cube_009.uasset" 446
"F:/1_Project/3_Studio/Games/LightPerson/UE4/LightPerson/Content/Models/Characters/MainCharacter_3_Cube_008.uasset" 447
"F:/1_Project/3_Studio/Games/LightPerson/UE4/LightPerson/Content/Models/Characters/MainCharacter_3_Cube_007.uasset" 448
"F:/1_Project/3_Studio/Games/LightPerson/UE4/LightPerson/Content/Models/Characters/MainCharacter_3_Cube_005.uasset" 449
"F:/1_Project/3_Studio/Games/LightPerson/UE4/LightPerson/Content/Models/Characters/Material_003.uasset" 450
"F:/1_Project/3_Studio/Games/LightPerson/UE4/LightPerson/Content/Models/Characters/MainCharacter_3_Cube_002.uasset" 451
"F:/1_Project/3_Studio/Games/LightPerson/UE4/LightPerson/Content/Models/Characters/MainCharacter_3_Cube_001.uasset" 452
"F:/1_Project/3_Studio/Games/LightPerson/UE4/LightPerson/Content/Models/Characters/MainCharacter.uasset" 453
"../../../Engine/Content/EditorBlueprintResources/StandardMacros.uasset" 454
"F:/1_Project/3_Studio/Games/LightPerson/UE4/LightPerson/Content/UI/Sprites/Artboard_1_Sprite_31.uasset" 455
"F:/1_Project/3_Studio/Games/LightPerson/UE4/LightPerson/Content/UI/Sprites/Artboard_1_Sprite_29.uasset" 456
"F:/1_Project/3_Studio/Games/LightPerson/UE4/LightPerson/Content/UI/Sprites/Artboard_1_Sprite_27.uasset" 457
"F:/1_Project/3_Studio/Games/LightPerson/UE4/LightPerson/Content/UI/Sprites/Artboard_1_Sprite_24.uasset" 458
"F:/1_Project/3_Studio/Games/LightPerson/UE4/LightPerson/Content/UI/Sprites/Artboard_1_Sprite_21.uasset" 459
"F:/1_Project/3_Studio/Games/LightPerson/UE4/LightPerson/Content/UI/Sprites/Artboard_1_Sprite_17.uasset" 460
"F:/1_Project/3_Studio/Games/LightPerson/UE4/LightPerson/Content/UI/Sprites/Password.uasset" 461
"F:/1_Project/3_Studio/Games/LightPerson/UE4/LightPerson/Content/UI/Sprites/Key.uasset" 462
"F:/1_Project/3_Studio/Games/LightPerson/UE4/LightPerson/Content/UI/Sprites/Artboard_1_Sprite_37.uasset" 463
"F:/1_Project/3_Studio/Games/LightPerson/UE4/LightPerson/Content/UI/Sprites/Artboard_1_Sprite_36.uasset" 464
"F:/1_Project/3_Studio/Games/LightPerson/UE4/LightPerson/Content/UI/Sprites/Artboard_1_Sprite_14.uasset" 465
"F:/1_Project/3_Studio/Games/LightPerson/UE4/LightPerson/Content/UI/Sprites/Artboard_1_Sprite_13.uasset" 466
"F:/1_Project/3_Studio/Games/LightPerson/UE4/LightPerson/Content/UI/Sprites/Artboard_1_Sprite_12.uasset" 467
"F:/1_Project/3_Studio/Games/LightPerson/UE4/LightPerson/Content/UI/Sprites/Artboard_1_Sprite_11.uasset" 468
"F:/1_Project/3_Studio/Games/LightPerson/UE4/LightPerson/Content/BP/Components/BPC_Lighter.uasset" 469
"F:/1_Project/3_Studio/Games/LightPerson/UE4/LightPerson/Content/UI/W_MainUI.uasset" 470
"F:/1_Project/3_Studio/Games/LightPerson/UE4/LightPerson/Content/UI/W_SessionMenu.uasset" 471
"F:/1_Project/3_Studio/Games/LightPerson/UE4/LightPerson/Content/UI/W_GameOver.uasset" 472
"F:/1_Project/3_Studio/Games/LightPerson/UE4/LightPerson/Content/BP/Structures/ObjCodeAndActor.uasset" 473
"F:/1_Project/3_Studio/Games/LightPerson/UE4/LightPerson/Content/BP/2DArrayGameObjects.uasset" 474
"F:/1_Project/3_Studio/Games/LightPerson/UE4/LightPerson/Content/BP/ArrayLevelWriter.uasset" 475
"F:/1_Project/3_Studio/Games/LightPerson/UE4/LightPerson/Content/BP/MainPlayerController.uasset" 476
"F:/1_Project/3_Studio/Games/LightPerson/UE4/LightPerson/Content/BP/MainGameMode.uasset" 477
"F:/1_Project/3_Studio/Games/LightPerson/UE4/LightPerson/Content/Levels/Map_0.umap" 478
"F:/1_Project/3_Studio/Games/LightPerson/UE4/LightPerson/Content/Levels/Map_1_BuiltData.uasset" 479
"F:/1_Project/3_Studio/Games/LightPerson/UE4/LightPerson/Content/Levels/Map_1.umap" 480
"F:/1_Project/3_Studio/Games/LightPerson/UE4/LightPerson/Content/Levels/Map_10.umap" 481
"F:/1_Project/3_Studio/Games/LightPerson/UE4/LightPerson/Content/Levels/Map_11.umap" 482
"F:/1_Project/3_Studio/Games/LightPerson/UE4/LightPerson/Content/Levels/Map_2.umap" 483
"F:/1_Project/3_Studio/Games/LightPerson/UE4/LightPerson/Content/Levels/Map_3.umap" 484
"F:/1_Project/3_Studio/Games/LightPerson/UE4/LightPerson/Content/Levels/Map_4.umap" 485
"F:/1_Project/3_Studio/Games/LightPerson/UE4/LightPerson/Content/Levels/Map_5.umap" 486
"F:/1_Project/3_Studio/Games/LightPerson/UE4/LightPerson/Content/Levels/Map_6.umap" 487
"F:/1_Project/3_Studio/Games/LightPerson/UE4/LightPerson/Content/Levels/Map_7.umap" 488
"F:/1_Project/3_Studio/Games/LightPerson/UE4/LightPerson/Content/Levels/Map_8.umap" 489
"F:/1_Project/3_Studio/Games/LightPerson/UE4/LightPerson/Content/Levels/Map_9.umap" 490
"F:/1_Project/3_Studio/Games/LightPerson/UE4/LightPerson/Content/Tutorial/s9.uasset" 491
"F:/1_Project/3_Studio/Games/LightPerson/UE4/LightPerson/Content/Tutorial/s8.uasset" 492
"F:/1_Project/3_Studio/Games/LightPerson/UE4/LightPerson/Content/Tutorial/s7.uasset" 493
"F:/1_Project/3_Studio/Games/LightPerson/UE4/LightPerson/Content/Tutorial/s6.uasset" 494
"F:/1_Project/3_Studio/Games/LightPerson/UE4/LightPerson/Content/Tutorial/s5.uasset" 495
"F:/1_Project/3_Studio/Games/LightPerson/UE4/LightPerson/Content/Tutorial/s4.uasset" 496
"F:/1_Project/3_Studio/Games/LightPerson/UE4/LightPerson/Content/Tutorial/s3.uasset" 497
"F:/1_Project/3_Studio/Games/LightPerson/UE4/LightPerson/Content/Tutorial/s2.uasset" 498
"F:/1_Project/3_Studio/Games/LightPerson/UE4/LightPerson/Content/Tutorial/s1.uasset" 499
"F:/1_Project/3_Studio/Games/LightPerson/UE4/LightPerson/Content/UI/W_Tutorial.uasset" 500
"F:/1_Project/3_Studio/Games/LightPerson/UE4/LightPerson/Content/Levels/Tutorial.umap" 501
