"F:/1_Project/3_Studio/Games/LightPerson/UE4/LightPerson/Content/Materials/Pink.uasset" 0
"F:/1_Project/3_Studio/Games/LightPerson/UE4/LightPerson/Content/Materials/White.uasset" 1
"F:/1_Project/3_Studio/Games/LightPerson/UE4/LightPerson/Content/Materials/Main.uasset" 2
"F:/1_Project/3_Studio/Games/LightPerson/UE4/LightPerson/Content/Models/Environment/Buildings/Floors/SM_Wall_Tile.uasset" 3
"F:/1_Project/3_Studio/Games/LightPerson/UE4/LightPerson/Content/Models/Environment/Buildings/Floors/BP_SM_Wall_Tile.uasset" 4
"F:/1_Project/3_Studio/Games/LightPerson/UE4/LightPerson/Content/Models/Environment/Buildings/Walls/BP_SM_Wall_Tile.uasset" 5
"../../../Engine/Content/EngineMaterials/T_Default_Material_Grid_N.uasset" 6
"../../../Engine/Content/EngineMaterials/T_Default_Material_Grid_M.uasset" 7
"../../../Engine/Content/Functions/Engine_MaterialFunctions01/Opacity/CameraDepthFade.uasset" 8
"../../../Engine/Content/EngineMaterials/WorldGridMaterial.uasset" 9
"F:/1_Project/3_Studio/Games/LightPerson/UE4/LightPerson/Content/Models/Environment/Decoration/OfficeWorkplace/SM_OfficeWorkplace3P.uasset" 10
"F:/1_Project/3_Studio/Games/LightPerson/UE4/LightPerson/Content/Models/Environment/Decoration/OfficeWorkplace/BaseColorSM_OfficeWorkplace3P.uasset" 11
"F:/1_Project/3_Studio/Games/LightPerson/UE4/LightPerson/Content/Models/Environment/Decoration/OfficeWorkplace/BaseColorSM_OfficeWorkplace3P_Mat.uasset" 12
"F:/1_Project/3_Studio/Games/LightPerson/UE4/LightPerson/Content/Models/Environment/Decoration/OfficeWorkplace/BaseColorSM_OfficeWorkplace3P_Mat_Inst.uasset" 13
"F:/1_Project/3_Studio/Games/LightPerson/UE4/LightPerson/Content/Materials/Red.uasset" 14
"F:/1_Project/3_Studio/Games/LightPerson/UE4/LightPerson/Content/Models/Environment/Buildings/Walls/SM_Wall3P_Tile.uasset" 15
"F:/1_Project/3_Studio/Games/LightPerson/UE4/LightPerson/Content/Models/Environment/Decoration/OfficeWorkplace/BP_SM_OfficeWorkplace.uasset" 16
"F:/1_Project/3_Studio/Games/LightPerson/UE4/LightPerson/Content/Models/Environment/Decoration/BP_SM_OfficeWorkplace.uasset" 17
"F:/1_Project/3_Studio/Games/LightPerson/UE4/LightPerson/Content/Models/Environment/Decoration/Xerox/SM_XeroxMachine3P.uasset" 18
"F:/1_Project/3_Studio/Games/LightPerson/UE4/LightPerson/Content/Models/Environment/Decoration/Xerox/BaseColorSM_XeroxMachine3P.uasset" 19
"F:/1_Project/3_Studio/Games/LightPerson/UE4/LightPerson/Content/Models/Environment/Decoration/Xerox/BaseColorSM_XeroxMachine3P_Mat.uasset" 20
"F:/1_Project/3_Studio/Games/LightPerson/UE4/LightPerson/Content/Models/Environment/Decoration/Xerox/BaseColorSM_XeroxMachine3P_Mat_Inst.uasset" 21
"F:/1_Project/3_Studio/Games/LightPerson/UE4/LightPerson/Content/Models/Environment/Decoration/Xerox/BP_SM_XeroxMachine.uasset" 22
"F:/1_Project/3_Studio/Games/LightPerson/UE4/LightPerson/Content/Models/Environment/Decoration/BP_SM_XeroxMachine.uasset" 23
"F:/1_Project/3_Studio/Games/LightPerson/UE4/LightPerson/Content/Tutorial/s9_2.uasset" 24
"F:/1_Project/3_Studio/Games/LightPerson/UE4/LightPerson/Content/UI/Sprites/Artboard_1.uasset" 25
"F:/1_Project/3_Studio/Games/LightPerson/UE4/LightPerson/Content/UI/Sprites/S_MainMenu.uasset" 26
"../../../Engine/Content/ArtTools/RenderToTexture/Meshes/S_1_Unit_Plane.uasset" 27
"../../../Engine/Content/EngineMaterials/DefaultMaterial.uasset" 28
"../../../Engine/Content/BasicShapes/Cone.uasset" 29
"../../../Engine/Content/BasicShapes/Cube.uasset" 30
"../../../Engine/Content/BasicShapes/Plane.uasset" 31
"../../../Engine/Content/BasicShapes/Sphere.uasset" 32
"../../../Engine/Content/EditorLandscapeResources/DataLayer.uasset" 33
"../../../Engine/Content/EditorLandscapeResources/DefaultAlphaTexture.uasset" 34
"../../../Engine/Content/EditorMaterials/MAT_Groups_Toggle.uasset" 35
"../../../Engine/Content/EditorMaterials/MAT_Groups_Visibility.uasset" 36
"../../../Engine/Content/EditorMaterials/PreviewShadowIndicator.uasset" 37
"../../../Engine/Content/EditorMaterials/PreviewShadowIndicatorMaterial.uasset" 38
"../../../Engine/Content/EditorMaterials/MatineeGroups/MAT_ColorTrack.uasset" 39
"../../../Engine/Content/EditorMaterials/MatineeGroups/MAT_Groups_Anim.uasset" 40
"../../../Engine/Content/EditorMaterials/MatineeGroups/MAT_Groups_AudioMaster.uasset" 41
"../../../Engine/Content/EditorMaterials/MatineeGroups/MAT_Groups_Director.uasset" 42
"../../../Engine/Content/EditorMaterials/MatineeGroups/MAT_Groups_Event.uasset" 43
"../../../Engine/Content/EditorMaterials/MatineeGroups/MAT_Groups_Fade.uasset" 44
"../../../Engine/Content/EditorMaterials/MatineeGroups/MAT_Groups_Float.uasset" 45
"../../../Engine/Content/EditorMaterials/MatineeGroups/MAT_Groups_Move.uasset" 46
"../../../Engine/Content/EditorMaterials/MatineeGroups/MAT_Groups_Slomo.uasset" 47
"../../../Engine/Content/EditorMaterials/MatineeGroups/MAT_Groups_Sound.uasset" 48
"../../../Engine/Content/EditorMaterials/MatineeGroups/MAT_Groups_Vector.uasset" 49
"../../../Engine/Content/EditorMaterials/ParticleSystems/PSysThumbnail_NoImage.uasset" 50
"../../../Engine/Content/EditorMaterials/ParticleSystems/PSysThumbnail_OOD.uasset" 51
"../../../Engine/Content/EditorMaterials/Camera/CineMat.uasset" 52
"../../../Engine/Content/EditorMaterials/Camera/MI_CineMat_Rig.uasset" 53
"../../../Engine/Content/EditorMeshes/Camera/SM_CraneRig_Arm.uasset" 54
"../../../Engine/Content/EditorMeshes/Camera/SM_CraneRig_Base.uasset" 55
"../../../Engine/Content/EditorMeshes/Camera/SM_CraneRig_Body.uasset" 56
"../../../Engine/Content/EditorMeshes/Camera/SM_CraneRig_Mount.uasset" 57
"../../../Engine/Content/EditorMeshes/Camera/SM_RailRig_Mount.uasset" 58
"../../../Engine/Content/EditorMeshes/Camera/SM_RailRig_Track.uasset" 59
"../../../Engine/Content/EditorResources/BSPVertex.uasset" 60
"../../../Engine/Content/EditorResources/EmptyActor.uasset" 61
"../../../Engine/Content/EditorResources/S_Actor.uasset" 62
"../../../Engine/Content/EditorResources/S_Note.uasset" 63
"../../../Engine/Content/EditorResources/S_Solver.uasset" 64
"../../../Engine/Content/EditorResources/S_Terrain.uasset" 65
"../../../Engine/Content/EditorResources/S_Trigger.uasset" 66
"../../../Engine/Content/EditorResources/SequenceRecorder/Countdown.uasset" 67
"../../../Engine/Content/EditorResources/SequenceRecorder/RecordingIndicator.uasset" 68
"../../../Engine/Content/EngineDamageTypes/DmgTypeBP_Environmental.uasset" 69
"../../../Engine/Content/EngineDebugMaterials/DebugEditorMaterial.uasset" 70
"../../../Engine/Content/EngineDebugMaterials/DebugMeshMaterial.uasset" 71
"../../../Engine/Content/EngineDebugMaterials/M_SimpleUnlitTranslucent.uasset" 72
"../../../Engine/Content/Functions/Engine_MaterialFunctions01/Shading/ConvertFromDiffSpec.uasset" 73
"../../../Engine/Content/EngineDebugMaterials/VertexColorMaterial.uasset" 74
"../../../Engine/Content/EngineDebugMaterials/WireframeMaterial.uasset" 75
"../../../Engine/Content/EngineFonts/Faces/RobotoRegular.uasset" 76
"../../../Engine/Content/EngineFonts/Faces/RobotoLight.uasset" 77
"../../../Engine/Content/EngineFonts/Faces/RobotoItalic.uasset" 78
"../../../Engine/Content/EngineFonts/Faces/RobotoBoldItalic.uasset" 79
"../../../Engine/Content/EngineFonts/Faces/RobotoBold.uasset" 80
"../../../Engine/Content/EngineFonts/Faces/DroidSansFallback.uasset" 81
"../../../Engine/Content/EngineFonts/Roboto.uasset" 82
"../../../Engine/Content/EngineMaterials/BaseFlattenNormalMap.uasset" 83
"../../../Engine/Content/EngineMaterials/BaseFlattenGrayscaleMap.uasset" 84
"../../../Engine/Content/EngineMaterials/BaseFlattenEmissiveMap.uasset" 85
"../../../Engine/Content/EngineMaterials/BaseFlattenDiffuseMap.uasset" 86
"../../../Engine/Content/EngineMaterials/BaseFlattenMaterial.uasset" 87
"../../../Engine/Content/EngineMaterials/BlueNoise.uasset" 88
"../../../Engine/Content/EngineMaterials/DefaultBloomKernel.uasset" 89
"../../../Engine/Content/EngineMaterials/DefaultBokeh.uasset" 90
"../../../Engine/Content/EngineMaterials/DefaultDiffuse.uasset" 91
"../../../Engine/Content/EngineMaterials/DefaultDeferredDecalMaterial.uasset" 92
"../../../Engine/Content/EngineMaterials/DefaultLightFunctionMaterial.uasset" 93
"../../../Engine/Content/EngineMaterials/DefaultPhysicalMaterial.uasset" 94
"../../../Engine/Content/Functions/Engine_MaterialFunctions02/Utility/BreakOutFloat2Components.uasset" 95
"../../../Engine/Content/EngineMaterials/DefaultPostProcessMaterial.uasset" 96
"../../../Engine/Content/EngineFonts/RobotoDistanceField.uasset" 97
"../../../Engine/Content/EngineMaterials/DefaultTextMaterialOpaque.uasset" 98
"../../../Engine/Content/EngineMaterials/DefaultWhiteGrid.uasset" 99
"../../../Engine/Content/EngineMaterials/DefaultWhiteGrid_Low.uasset" 100
"../../../Engine/Content/EngineMaterials/EmissiveMeshMaterial.uasset" 101
"../../../Engine/Content/EngineMaterials/GizmoMaterial.uasset" 102
"../../../Engine/Content/EngineMaterials/Good64x64TilingNoiseHighFreq.uasset" 103
"../../../Engine/Content/EngineMaterials/MiniFont.uasset" 104
"../../../Engine/Content/EngineMaterials/InvalidLightmapSettings.uasset" 105
"../../../Engine/Content/EngineMaterials/M_InvalidLightmapSettings.uasset" 106
"../../../Engine/Content/Functions/Engine_MaterialFunctions02/WorldPositionOffset/CameraOffset.uasset" 107
"../../../Engine/Content/EngineMaterials/PhAT_JointLimitMaterial.uasset" 108
"../../../Engine/Content/EngineMaterials/PreintegratedSkinBRDF.uasset" 109
"../../../Engine/Content/EngineMaterials/RemoveSurfaceMaterial.uasset" 110
"../../../Engine/Content/EngineMaterials/WeightMapPlaceholderTexture.uasset" 111
"../../../Engine/Content/EngineResources/WhiteSquareTexture.uasset" 112
"../../../Engine/Content/EngineMaterials/Widget3DPassThrough.uasset" 113
"../../../Engine/Content/EngineMaterials/Widget3DPassThrough_Masked.uasset" 114
"../../../Engine/Content/EngineMaterials/Widget3DPassThrough_Opaque.uasset" 115
"../../../Engine/Content/EngineMaterials/Widget3DPassThrough_Masked_OneSided.uasset" 116
"../../../Engine/Content/EngineMaterials/Widget3DPassThrough_Opaque_OneSided.uasset" 117
"../../../Engine/Content/EngineMaterials/Widget3DPassThrough_Translucent.uasset" 118
"../../../Engine/Content/EngineMaterials/Widget3DPassThrough_Translucent_OneSided.uasset" 119
"../../../Engine/Content/EngineMeshes/Cube.uasset" 120
"../../../Engine/Content/EngineMeshes/Cylinder.uasset" 121
"../../../Engine/Content/EngineMeshes/Sphere.uasset" 122
"../../../Engine/Content/EngineResources/Black.uasset" 123
"../../../Engine/Content/EngineResources/DefaultTextureCube.uasset" 124
"../../../Engine/Content/EngineResources/DefaultVolumeTexture2D.uasset" 125
"../../../Engine/Content/EngineResources/DefaultVolumeTexture.uasset" 126
"../../../Engine/Content/EngineResources/GradientTexture0.uasset" 127
"../../../Engine/Content/EngineSky/VolumetricClouds/T_NoiseShape64.uasset" 128
"../../../Engine/Content/EngineSky/VolumetricClouds/T_VolumeNoiseShape64.uasset" 129
"../../../Engine/Content/EngineSky/VolumetricClouds/T_NoiseErosion.uasset" 130
"../../../Engine/Content/EngineSky/VolumetricClouds/T_VolumeNoiseErosion32.uasset" 131
"../../../Engine/Content/EngineSky/VolumetricClouds/CloudWeatherTexture.uasset" 132
"../../../Engine/Content/EngineSky/VolumetricClouds/CloudGradientTexture.uasset" 133
"../../../Engine/Content/Functions/Engine_MaterialFunctions02/Utility/MakeFloat2.uasset" 134
"../../../Engine/Content/EngineSky/VolumetricClouds/m_SimpleVolumetricCloud.uasset" 135
"../../../Engine/Content/EngineSky/VolumetricClouds/m_SimpleVolumetricCloud_Inst.uasset" 136
"../../../Engine/Content/EngineSounds/Master.uasset" 137
"../../../Engine/Content/EngineDebugMaterials/VolumeToRender.uasset" 138
"../../../Engine/Content/Functions/Engine_MaterialFunctions02/Utility/CameraDirectionVector.uasset" 139
"../../../Engine/Content/EngineDebugMaterials/M_VolumeRenderSphereTracePP.uasset" 140
"../../../Engine/Content/Functions/Engine_MaterialFunctions01/Shading/PowerToRoughness.uasset" 141
"../../../Engine/Content/Maps/Templates/Thumbnails/Default.uasset" 142
"../../../Engine/Content/Maps/Templates/Thumbnails/TimeOfDay.uasset" 143
"../../../Engine/Content/Maps/Templates/Thumbnails/VR-Basic.uasset" 144
"../../../Engine/Content/MobileResources/T_MobileControls_texture.uasset" 145
"../../../Engine/Content/MobileResources/T_MobileMenu2.uasset" 146
"../../../Engine/Content/MobileResources/HUD/AnalogHat.uasset" 147
"../../../Engine/Content/MobileResources/HUD/VirtualJoystick_Thumb.uasset" 148
"../../../Engine/Content/MobileResources/HUD/VirtualJoystick_Background.uasset" 149
"../../../Engine/Content/MobileResources/HUD/DefaultVirtualJoysticks.uasset" 150
"../../../Engine/Content/MobileResources/HUD/LeftVirtualJoystickOnly.uasset" 151
"../../../Engine/Content/MobileResources/HUD/MobileHUDButton1_off.uasset" 152
"../../../Engine/Content/MobileResources/HUD/MobileHUDButton1_on.uasset" 153
"../../../Engine/Content/MobileResources/HUD/MobileHUDButton2_off.uasset" 154
"../../../Engine/Content/MobileResources/HUD/MobileHUDButton2_on.uasset" 155
"../../../Engine/Content/MobileResources/HUD/MobileHUDButton3.uasset" 156
"../../../Engine/Content/MobileResources/HUD/MobileHUDButtonFire.uasset" 157
"../../../Engine/Content/MobileResources/HUD/MobileHUDDirectionPad.uasset" 158
"../../../Engine/Content/MobileResources/HUD/MobileHUDDirectionPad2.uasset" 159
"../../../Engine/Content/MobileResources/HUD/MobileHUDDirectionPad3.uasset" 160
"../../../Engine/Content/MobileResources/HUD/MobileHUDDirectionStick.uasset" 161
"../../../Engine/Content/MobileResources/HUD/T_Castle_ThumbstickInner.uasset" 162
"../../../Engine/Content/MobileResources/HUD/T_Castle_ThumbstickOutter.uasset" 163
"../../../Engine/Content/Tutorial/ContentIntroCurve.uasset" 164
"../../../Engine/Content/Tutorial/Basics/LevelEditorAttract.uasset" 165
"../../../Engine/Content/Tutorial/Basics/TutorialAssets/icon_tab_Levels_40x.uasset" 166
"../../../Engine/Content/Tutorial/Basics/LevelEditorOverview.uasset" 167
"../../../Engine/Content/Tutorial/SubEditors/StaticMeshEditorTutorial.uasset" 168
"../../../Engine/Content/VREditor/TransformGizmo/TranslucentTransformGizmoMaterial.uasset" 169
"../../../Engine/Content/VREditor/LaserPointer/VR_LaserPower_01.uasset" 170
"../../../Engine/Content/VREditor/TransformGizmo/TransformGizmoMaterial.uasset" 171
"../../../Engine/Content/VREditor/TransformGizmo/BoundingBoxCorner.uasset" 172
"../../../Engine/Content/VREditor/TransformGizmo/BoundingBoxEdge.uasset" 173
"../../../Engine/Content/VREditor/TransformGizmo/PlaneTranslationHandle.uasset" 174
"../../../Engine/Content/VREditor/TransformGizmo/Xray.uasset" 175
"../../../Engine/Content/VREditor/TransformGizmo/Main.uasset" 176
"../../../Engine/Content/VREditor/TransformGizmo/SM_Sequencer_Key.uasset" 177
"../../../Engine/Content/VREditor/TransformGizmo/SM_Sequencer_Node.uasset" 178
"../../Plugins/2D/Paper2D/Content/PlaceholderTextures/DummySpriteTexture.uasset" 179
"../../Plugins/2D/Paper2D/Content/DummySprite.uasset" 180
"../../Plugins/2D/Paper2D/Content/DefaultPaperTerrainMaterial.uasset" 181
"../../Plugins/2D/Paper2D/Content/DefaultSpriteMaterial.uasset" 182
"../../Plugins/2D/Paper2D/Content/MaskedUnlitSpriteMaterial.uasset" 183
"../../Plugins/2D/Paper2D/Content/OpaqueUnlitSpriteMaterial.uasset" 184
"../../../Engine/Content/Functions/Engine_MaterialFunctions02/Utility/BreakOutFloat3Components.uasset" 185
"../../Plugins/Editor/SpeedTreeImporter/Content/SpeedTree9/UnpackInteger3.uasset" 186
"../../Plugins/Editor/SpeedTreeImporter/Content/SpeedTree9/UnpackDirection.uasset" 187
"../../Plugins/Editor/SpeedTreeImporter/Content/SpeedTree9/game_wind_noise.uasset" 188
"../../../Engine/Content/Functions/Engine_MaterialFunctions02/SafeNormalize.uasset" 189
"../../Plugins/Editor/SpeedTreeImporter/Content/SpeedTree9/SpeedTreeWindMotion.uasset" 190
"../../Plugins/Editor/SpeedTreeImporter/Content/SpeedTree9/SpeedTreeBranchMotion.uasset" 191
"../../../Engine/Content/Functions/Engine_MaterialFunctions02/ObjectLocalBounds.uasset" 192
"../../../Engine/Content/Functions/Engine_MaterialFunctions02/UVs/BoundingBoxBased_0-1_UVW.uasset" 193
"../../Plugins/Editor/SpeedTreeImporter/Content/SpeedTree9/SpeedTreeWind.uasset" 194
"../../Plugins/Editor/SpeedTreeImporter/Content/SpeedTree9/SpeedTreeBillboard.uasset" 195
"../../../Engine/Content/EngineResources/DefaultTexture.uasset" 196
"../../Plugins/Editor/SpeedTreeImporter/Content/SpeedTree9/SpeedTreeBillboardMaster.uasset" 197
"../../Plugins/Editor/SpeedTreeImporter/Content/SpeedTree9/SpeedTreeCameraFacing.uasset" 198
"../../Plugins/Editor/SpeedTreeImporter/Content/SpeedTree9/SpeedTreeMaster.uasset" 199
"../../../Engine/Content/ArtTools/RenderToTexture/Materials/Debug/M_Emissive_Color.uasset" 200
"../../../Engine/Content/BasicShapes/Cylinder.uasset" 201
"../../Plugins/Lumin/MagicLeapPassableWorld/Content/MagicLeapARPinInfoActor.uasset" 202
"../../../Engine/Content/Functions/Engine_MaterialFunctions02/Utility/BreakOutFloat4Components.uasset" 203
"../../../Engine/Content/Functions/Engine_MaterialFunctions02/Utility/MakeFloat3.uasset" 204
"../../Plugins/Runtime/Oculus/OculusVR/Content/Materials/OculusMR_ChromaKey.uasset" 205
"../../Plugins/Runtime/Oculus/OculusVR/Content/Materials/OculusMR_OpaqueColoredMaterial.uasset" 206
"../../Plugins/Runtime/Oculus/OculusVR/Content/Materials/PokeAHoleMaterial.uasset" 207
"../../Plugins/2D/Paper2D/Content/TranslucentUnlitSpriteMaterial.uasset" 208
"F:/1_Project/3_Studio/Games/LightPerson/UE4/LightPerson/Content/UI/Sprites/Artboard_1_Sprite_7.uasset" 209
"F:/1_Project/3_Studio/Games/LightPerson/UE4/LightPerson/Content/UI/Sprites/Artboard_1_Sprite_6.uasset" 210
"F:/1_Project/3_Studio/Games/LightPerson/UE4/LightPerson/Content/UI/Sprites/Artboard_1_Sprite_2.uasset" 211
"F:/1_Project/3_Studio/Games/LightPerson/UE4/LightPerson/Content/UI/Sprites/Artboard_1_Sprite_10.uasset" 212
"F:/1_Project/3_Studio/Games/LightPerson/UE4/LightPerson/Content/UI/Sprites/Artboard_1_Sprite_1.uasset" 213
"F:/1_Project/3_Studio/Games/LightPerson/UE4/LightPerson/Content/UI/Sprites/Artboard_1_Sprite_0.uasset" 214
"F:/1_Project/3_Studio/Games/LightPerson/UE4/LightPerson/Content/UI/Sprites/Artboard_1_Sprite_9.uasset" 215
"F:/1_Project/3_Studio/Games/LightPerson/UE4/LightPerson/Content/UI/Sprites/Artboard_1_Sprite_8.uasset" 216
"F:/1_Project/3_Studio/Games/LightPerson/UE4/LightPerson/Content/UI/Sprites/Artboard_1_Sprite_5.uasset" 217
"F:/1_Project/3_Studio/Games/LightPerson/UE4/LightPerson/Content/UI/Sprites/Artboard_1_Sprite_4.uasset" 218
"F:/1_Project/3_Studio/Games/LightPerson/UE4/LightPerson/Content/UI/Sprites/Artboard_1_Sprite_3.uasset" 219
"F:/1_Project/3_Studio/Games/LightPerson/UE4/LightPerson/Content/UI/W_MainMenu.uasset" 220
"F:/1_Project/3_Studio/Games/LightPerson/UE4/LightPerson/Content/BP/MenuPC.uasset" 221
"F:/1_Project/3_Studio/Games/LightPerson/UE4/LightPerson/Content/BP/MenuGM.uasset" 222
"F:/1_Project/3_Studio/Games/LightPerson/UE4/LightPerson/Content/Levels/L_Start.umap" 223
"F:/1_Project/3_Studio/Games/LightPerson/UE4/LightPerson/Content/Models/Environment/Buildings/Walls/SM_Wall3P_WallTriple.uasset" 224
"F:/1_Project/3_Studio/Games/LightPerson/UE4/LightPerson/Content/Models/Environment/Buildings/Walls/BaseColorSM_Wall3PP.uasset" 225
"F:/1_Project/3_Studio/Games/LightPerson/UE4/LightPerson/Content/Models/Environment/Buildings/Walls/BaseColorSM_Wall3PP_Mat.uasset" 226
"F:/1_Project/3_Studio/Games/LightPerson/UE4/LightPerson/Content/Models/Environment/Buildings/Walls/BaseColorSM_Wall3PP_Mat_Inst.uasset" 227
"F:/1_Project/3_Studio/Games/LightPerson/UE4/LightPerson/Content/Models/Environment/Buildings/Walls/BP_SM_Wall_WallTriple.uasset" 228
"F:/1_Project/3_Studio/Games/LightPerson/UE4/LightPerson/Content/Models/Environment/Buildings/Walls/SM_Wall3P_WallDirectLine.uasset" 229
"F:/1_Project/3_Studio/Games/LightPerson/UE4/LightPerson/Content/Models/Environment/Buildings/Walls/BP_SM_Wall_WallDirectLine.uasset" 230
"F:/1_Project/3_Studio/Games/LightPerson/UE4/LightPerson/Content/Models/Environment/Buildings/Walls/SM_Wall3P_WallCrossroad.uasset" 231
"F:/1_Project/3_Studio/Games/LightPerson/UE4/LightPerson/Content/Models/Environment/Buildings/Walls/BP_SM_Wall_WallCrossroad.uasset" 232
"F:/1_Project/3_Studio/Games/LightPerson/UE4/LightPerson/Content/Models/Environment/Buildings/Walls/SM_Wall3P_WallCorner.uasset" 233
"F:/1_Project/3_Studio/Games/LightPerson/UE4/LightPerson/Content/Models/Environment/Buildings/Walls/BP_SM_Wall_WallCorner.uasset" 234
"F:/1_Project/3_Studio/Games/LightPerson/UE4/LightPerson/Content/Materials/Black.uasset" 235
"F:/1_Project/3_Studio/Games/LightPerson/UE4/LightPerson/Content/Models/Environment/Buildings/Floors/BP_SM_Wall_Tile_Black.uasset" 236
"F:/1_Project/3_Studio/Games/LightPerson/UE4/LightPerson/Content/Materials/Spawn.uasset" 237
"F:/1_Project/3_Studio/Games/LightPerson/UE4/LightPerson/Content/Models/Environment/Buildings/Floors/BP_PlayerSpawn.uasset" 238
"F:/1_Project/3_Studio/Games/LightPerson/UE4/LightPerson/Content/BP/Interface/MainInterface.uasset" 239
"F:/1_Project/3_Studio/Games/LightPerson/UE4/LightPerson/Content/Materials/Brown.uasset" 240
"F:/1_Project/3_Studio/Games/LightPerson/UE4/LightPerson/Content/Models/Environment/Buildings/DoorWithoutAlock/SM_DoorWithoutAlock3P_SM_DoorWithoutAlock.uasset" 241
"F:/1_Project/3_Studio/Games/LightPerson/UE4/LightPerson/Content/Models/Environment/Buildings/DoorWithoutAlock/SM_DoorWithoutAlock3P_SM_TheDoorJambWithoutAlock.uasset" 242
"F:/1_Project/3_Studio/Games/LightPerson/UE4/LightPerson/Content/Models/Environment/Buildings/DoorWithoutAlock/BaseColorSM_DoorWithoutAlock3P.uasset" 243
"F:/1_Project/3_Studio/Games/LightPerson/UE4/LightPerson/Content/Models/Environment/Buildings/DoorWithoutAlock/BaseColorSM_DoorWithoutAlock3P_Mat.uasset" 244
"F:/1_Project/3_Studio/Games/LightPerson/UE4/LightPerson/Content/Models/Environment/Buildings/DoorWithoutAlock/BaseColorSM_DoorWithoutAlock3P_Mat_Inst.uasset" 245
"F:/1_Project/3_Studio/Games/LightPerson/UE4/LightPerson/Content/Models/Environment/Buildings/DoorWithoutAlock/BP_SM_DoorWithoutAlock_SM_TheDoorJambWithoutAlock.uasset" 246
"F:/1_Project/3_Studio/Games/LightPerson/UE4/LightPerson/Content/Models/Environment/Interactive/Safe/SM_Safe3P_SM_SafeDoor.uasset" 247
"F:/1_Project/3_Studio/Games/LightPerson/UE4/LightPerson/Content/Models/Environment/Interactive/Safe/SM_Safe3P_SM_Safe.uasset" 248
"F:/1_Project/3_Studio/Games/LightPerson/UE4/LightPerson/Content/Models/Environment/Interactive/Safe/BaseColorSM_Safe3P.uasset" 249
"F:/1_Project/3_Studio/Games/LightPerson/UE4/LightPerson/Content/Models/Environment/Interactive/Safe/BaseColorSM_Safe3P_Mat.uasset" 250
"F:/1_Project/3_Studio/Games/LightPerson/UE4/LightPerson/Content/Models/Environment/Interactive/Safe/BaseColorSM_Safe3P_Mat_Inst.uasset" 251
"F:/1_Project/3_Studio/Games/LightPerson/UE4/LightPerson/Content/Materials/Yellow.uasset" 252
"F:/1_Project/3_Studio/Games/LightPerson/UE4/LightPerson/Content/Models/Environment/Interactive/Safe/BP_SM_Safe_SM_Safe.uasset" 253
"F:/1_Project/3_Studio/Games/LightPerson/UE4/LightPerson/Content/Models/Environment/Interactive/FileCabinet/SM_FileCabinet3P_SM_FileCabinet_Boxes.uasset" 254
"F:/1_Project/3_Studio/Games/LightPerson/UE4/LightPerson/Content/Models/Environment/Interactive/FileCabinet/SM_FileCabinet3P_SM_FileCabinet.uasset" 255
"F:/1_Project/3_Studio/Games/LightPerson/UE4/LightPerson/Content/Models/Environment/Interactive/FileCabinet/BaseColorSM_FileCabinet3P.uasset" 256
"F:/1_Project/3_Studio/Games/LightPerson/UE4/LightPerson/Content/Models/Environment/Interactive/FileCabinet/BaseColorSM_FileCabinet3P_Mat.uasset" 257
"F:/1_Project/3_Studio/Games/LightPerson/UE4/LightPerson/Content/Models/Environment/Interactive/FileCabinet/BaseColorSM_FileCabinet3P_Mat_Inst.uasset" 258
"F:/1_Project/3_Studio/Games/LightPerson/UE4/LightPerson/Content/Models/Environment/Interactive/FileCabinet/BP_SM_FileCabinet_SM_FileCabinet.uasset" 259
"F:/1_Project/3_Studio/Games/LightPerson/UE4/LightPerson/Content/Materials/Green.uasset" 260
"F:/1_Project/3_Studio/Games/LightPerson/UE4/LightPerson/Content/Models/Environment/Buildings/DoorLocked/BaseColorSM_DoorIsLocked3P.uasset" 261
"F:/1_Project/3_Studio/Games/LightPerson/UE4/LightPerson/Content/Models/Environment/Buildings/DoorLocked/BaseColorSM_DoorIsLocked3P_Mat.uasset" 262
"F:/1_Project/3_Studio/Games/LightPerson/UE4/LightPerson/Content/Models/Environment/Buildings/DoorLocked/BaseColorSM_DoorIsLocked3P_Mat_Inst.uasset" 263
"F:/1_Project/3_Studio/Games/LightPerson/UE4/LightPerson/Content/Models/Environment/Buildings/DoorLocked/SM_DoorIsLocked3P_SM_DoorIsLocked.uasset" 264
"F:/1_Project/3_Studio/Games/LightPerson/UE4/LightPerson/Content/Models/Environment/Buildings/DoorLocked/SM_DoorIsLocked3P_SM_TheDoorJambIsLocked.uasset" 265
"F:/1_Project/3_Studio/Games/LightPerson/UE4/LightPerson/Content/Models/Environment/Buildings/DoorLocked/BP_SM_DoorIsLocked__1__SM_TheDoorJambIsLocked.uasset" 266
"F:/1_Project/3_Studio/Games/LightPerson/UE4/LightPerson/Content/UI/Sprites/Artboard_1_Sprite_31.uasset" 267
"F:/1_Project/3_Studio/Games/LightPerson/UE4/LightPerson/Content/UI/Sprites/Artboard_1_Sprite_29.uasset" 268
"F:/1_Project/3_Studio/Games/LightPerson/UE4/LightPerson/Content/UI/Sprites/Artboard_1_Sprite_27.uasset" 269
"F:/1_Project/3_Studio/Games/LightPerson/UE4/LightPerson/Content/UI/Sprites/Artboard_1_Sprite_24.uasset" 270
"F:/1_Project/3_Studio/Games/LightPerson/UE4/LightPerson/Content/UI/Sprites/Artboard_1_Sprite_21.uasset" 271
"F:/1_Project/3_Studio/Games/LightPerson/UE4/LightPerson/Content/UI/Sprites/Artboard_1_Sprite_17.uasset" 272
"F:/1_Project/3_Studio/Games/LightPerson/UE4/LightPerson/Content/UI/Sprites/Password.uasset" 273
"F:/1_Project/3_Studio/Games/LightPerson/UE4/LightPerson/Content/UI/Sprites/Key.uasset" 274
"F:/1_Project/3_Studio/Games/LightPerson/UE4/LightPerson/Content/UI/Sprites/Artboard_1_Sprite_37.uasset" 275
"F:/1_Project/3_Studio/Games/LightPerson/UE4/LightPerson/Content/UI/Sprites/Artboard_1_Sprite_36.uasset" 276
"F:/1_Project/3_Studio/Games/LightPerson/UE4/LightPerson/Content/UI/Sprites/Artboard_1_Sprite_14.uasset" 277
"F:/1_Project/3_Studio/Games/LightPerson/UE4/LightPerson/Content/UI/Sprites/Artboard_1_Sprite_13.uasset" 278
"F:/1_Project/3_Studio/Games/LightPerson/UE4/LightPerson/Content/UI/Sprites/Artboard_1_Sprite_12.uasset" 279
"F:/1_Project/3_Studio/Games/LightPerson/UE4/LightPerson/Content/UI/Sprites/Artboard_1_Sprite_11.uasset" 280
"../../../Engine/Content/EditorBlueprintResources/StandardMacros.uasset" 281
"F:/1_Project/3_Studio/Games/LightPerson/UE4/LightPerson/Content/BP/Components/BPC_Lighter.uasset" 282
"F:/1_Project/3_Studio/Games/LightPerson/UE4/LightPerson/Content/Models/Characters/Material.uasset" 283
"F:/1_Project/3_Studio/Games/LightPerson/UE4/LightPerson/Content/Models/Characters/Material_002.uasset" 284
"F:/1_Project/3_Studio/Games/LightPerson/UE4/LightPerson/Content/Models/Characters/MainCharacter_3_Cube_001.uasset" 285
"F:/1_Project/3_Studio/Games/LightPerson/UE4/LightPerson/Content/Models/Characters/Material_003.uasset" 286
"F:/1_Project/3_Studio/Games/LightPerson/UE4/LightPerson/Content/Models/Characters/Material_001.uasset" 287
"F:/1_Project/3_Studio/Games/LightPerson/UE4/LightPerson/Content/Models/Characters/MainCharacter_3_Cube_002.uasset" 288
"F:/1_Project/3_Studio/Games/LightPerson/UE4/LightPerson/Content/Models/Characters/MainCharacter_3_Cube_005.uasset" 289
"F:/1_Project/3_Studio/Games/LightPerson/UE4/LightPerson/Content/Models/Characters/MainCharacter_3_Cube_007.uasset" 290
"F:/1_Project/3_Studio/Games/LightPerson/UE4/LightPerson/Content/Models/Characters/MainCharacter_3_Cube_008.uasset" 291
"F:/1_Project/3_Studio/Games/LightPerson/UE4/LightPerson/Content/Models/Characters/MainCharacter_3_Cube_009.uasset" 292
"F:/1_Project/3_Studio/Games/LightPerson/UE4/LightPerson/Content/Models/Characters/MainCharacter_3_Cube_011.uasset" 293
"F:/1_Project/3_Studio/Games/LightPerson/UE4/LightPerson/Content/Models/Characters/MainCharacter_3_Cube_012.uasset" 294
"F:/1_Project/3_Studio/Games/LightPerson/UE4/LightPerson/Content/Models/Characters/MainCharacter_3_Cube_014.uasset" 295
"F:/1_Project/3_Studio/Games/LightPerson/UE4/LightPerson/Content/Models/Characters/MainCharacter.uasset" 296
"F:/1_Project/3_Studio/Games/LightPerson/UE4/LightPerson/Content/UI/W_MainUI.uasset" 297
"F:/1_Project/3_Studio/Games/LightPerson/UE4/LightPerson/Content/UI/W_SessionMenu.uasset" 298
"F:/1_Project/3_Studio/Games/LightPerson/UE4/LightPerson/Content/UI/W_GameOver.uasset" 299
"F:/1_Project/3_Studio/Games/LightPerson/UE4/LightPerson/Content/BP/Structures/ObjCodeAndActor.uasset" 300
"F:/1_Project/3_Studio/Games/LightPerson/UE4/LightPerson/Content/BP/2DArrayGameObjects.uasset" 301
"F:/1_Project/3_Studio/Games/LightPerson/UE4/LightPerson/Content/BP/ArrayLevelWriter.uasset" 302
"F:/1_Project/3_Studio/Games/LightPerson/UE4/LightPerson/Content/BP/MainPlayerController.uasset" 303
"F:/1_Project/3_Studio/Games/LightPerson/UE4/LightPerson/Content/BP/MainGameMode.uasset" 304
"F:/1_Project/3_Studio/Games/LightPerson/UE4/LightPerson/Content/Models/Environment/Buildings/Walls/SM_Wall3P_WindowDirect.uasset" 305
"F:/1_Project/3_Studio/Games/LightPerson/UE4/LightPerson/Content/Models/Environment/Buildings/Walls/BP_SM_Wall_WindowDirect.uasset" 306
"F:/1_Project/3_Studio/Games/LightPerson/UE4/LightPerson/Content/Levels/Map_0.umap" 307
"F:/1_Project/3_Studio/Games/LightPerson/UE4/LightPerson/Content/Levels/Map_1_BuiltData.uasset" 308
"F:/1_Project/3_Studio/Games/LightPerson/UE4/LightPerson/Content/Levels/Map_1.umap" 309
"F:/1_Project/3_Studio/Games/LightPerson/UE4/LightPerson/Content/Levels/Map_10.umap" 310
"F:/1_Project/3_Studio/Games/LightPerson/UE4/LightPerson/Content/Levels/Map_11.umap" 311
"F:/1_Project/3_Studio/Games/LightPerson/UE4/LightPerson/Content/Levels/Map_2.umap" 312
"F:/1_Project/3_Studio/Games/LightPerson/UE4/LightPerson/Content/Levels/Map_3.umap" 313
"F:/1_Project/3_Studio/Games/LightPerson/UE4/LightPerson/Content/Levels/Map_4.umap" 314
"F:/1_Project/3_Studio/Games/LightPerson/UE4/LightPerson/Content/Levels/Map_5.umap" 315
"F:/1_Project/3_Studio/Games/LightPerson/UE4/LightPerson/Content/Levels/Map_6.umap" 316
"F:/1_Project/3_Studio/Games/LightPerson/UE4/LightPerson/Content/Levels/Map_7.umap" 317
"F:/1_Project/3_Studio/Games/LightPerson/UE4/LightPerson/Content/Levels/Map_8.umap" 318
"F:/1_Project/3_Studio/Games/LightPerson/UE4/LightPerson/Content/Levels/Map_9.umap" 319
"F:/1_Project/3_Studio/Games/LightPerson/UE4/LightPerson/Content/Tutorial/s9.uasset" 320
"F:/1_Project/3_Studio/Games/LightPerson/UE4/LightPerson/Content/Tutorial/s8.uasset" 321
"F:/1_Project/3_Studio/Games/LightPerson/UE4/LightPerson/Content/Tutorial/s7.uasset" 322
"F:/1_Project/3_Studio/Games/LightPerson/UE4/LightPerson/Content/Tutorial/s6.uasset" 323
"F:/1_Project/3_Studio/Games/LightPerson/UE4/LightPerson/Content/Tutorial/s5.uasset" 324
"F:/1_Project/3_Studio/Games/LightPerson/UE4/LightPerson/Content/Tutorial/s4.uasset" 325
"F:/1_Project/3_Studio/Games/LightPerson/UE4/LightPerson/Content/Tutorial/s3.uasset" 326
"F:/1_Project/3_Studio/Games/LightPerson/UE4/LightPerson/Content/Tutorial/s2.uasset" 327
"F:/1_Project/3_Studio/Games/LightPerson/UE4/LightPerson/Content/Tutorial/s1.uasset" 328
"F:/1_Project/3_Studio/Games/LightPerson/UE4/LightPerson/Content/UI/W_Tutorial.uasset" 329
"F:/1_Project/3_Studio/Games/LightPerson/UE4/LightPerson/Content/Levels/Tutorial.umap" 330
"../../../Engine/Content/Maps/Entry_BuiltData.uasset" 331
"../../../Engine/Content/Maps/Entry.umap" 332
